// 重构日志: 30d9ffd7
// 重构日志: 63c97796
// 重构日志: 6042911d
// 重构日志: b5cabc03
// 重构日志: e3b6dc3c
// 重构日志: 6d2878e4
// 重构日志: 6c2bd277
// 同步 ID: 3e7facd3 @ Wed Jun 10 12:27:57 UTC 2026
// 同步 ID: 569474b7 @ Thu Jun 11 13:15:06 UTC 2026
// 重构日志: e551a299
// 同步 ID: 43fc26bb @ Sat Jun 13 09:24:26 UTC 2026
// 同步 ID: d0e4819a @ Sat Jun 13 15:23:25 UTC 2026
// 重构日志: 5f9d98af
// 同步 ID: 0fa01766 @ Mon Jun 22 17:02:50 UTC 2026
// 重构日志: e3f4f3b3
// 同步 ID: b8ff1c09 @ Thu Jun 25 19:48:28 UTC 2026
// 重构日志: a39dd639
// 同步 ID: 4b6e51e4 @ Sat Jun 27 04:53:59 UTC 2026
// 重构日志: dae04ab3
// 重构日志: e104336e
